TN:
SF:test/mocks/games/slots/MockSingleLineSlots.sol
FN:19,MockMuliLineSlots.getSession
FNDA:0,MockMuliLineSlots.getSession
DA:21,0
DA:23,0
BRDA:23,0,0,-
BRDA:23,0,1,-
FN:26,MockMuliLineSlots.startSession
FNDA:0,MockMuliLineSlots.startSession
DA:27,0
BRDA:27,1,0,-
BRDA:27,1,1,-
DA:29,0
FN:32,MockMuliLineSlots.endSession
FNDA:0,MockMuliLineSlots.endSession
DA:33,0
BRDA:33,2,0,-
BRDA:33,2,1,-
DA:35,0
FN:41,MockMuliLineSlots.checkWinlineExternal
FNDA:0,MockMuliLineSlots.checkWinlineExternal
DA:42,0
FN:45,MockMuliLineSlots.getParams
FNDA:0,MockMuliLineSlots.getParams
DA:46,0
FNF:5
FNH:0
LF:8
LH:0
BRF:6
BRH:0
end_of_record
TN:
SF:test/mocks/payment/MockERC20VaultPaymentProcessor.sol
FN:18,MockERC20VaultPaymentProcessor.depositExternal
FNDA:5,MockERC20VaultPaymentProcessor.depositExternal
DA:19,5
FN:22,MockERC20VaultPaymentProcessor.withdrawExternal
FNDA:2,MockERC20VaultPaymentProcessor.withdrawExternal
DA:23,2
FN:26,MockERC20VaultPaymentProcessor.balanceExternal
FNDA:8,MockERC20VaultPaymentProcessor.balanceExternal
DA:27,8
FNF:3
FNH:3
LF:3
LH:3
BRF:0
BRH:0
end_of_record
TN:
SF:test/mocks/tokens/MockERC20.sol
FN:15,MockERC20.mintExternal
FNDA:4,MockERC20.mintExternal
DA:16,4
FNF:1
FNH:1
LF:1
LH:1
BRF:0
BRH:0
end_of_record
TN:
SF:test/mocks/payment/reentrancy/MockNativeReentrancy.sol
FN:17,WithdrawReentrancy.
FNDA:0,WithdrawReentrancy.
DA:18,0
BRDA:18,0,0,-
DA:19,0
DA:20,0
BRDA:18,0,1,-
FNF:1
FNH:0
LF:3
LH:0
BRF:2
BRH:0
end_of_record
TN:
SF:test/mocks/payment/MockNativeVaultPaymentProcessor.sol
FN:18,MockNativeVaultPaymentProcessor.depositExternal
FNDA:6,MockNativeVaultPaymentProcessor.depositExternal
DA:19,6
FN:22,MockNativeVaultPaymentProcessor.withdrawExternal
FNDA:2,MockNativeVaultPaymentProcessor.withdrawExternal
DA:23,2
FN:26,MockNativeVaultPaymentProcessor.balanceExternal
FNDA:18,MockNativeVaultPaymentProcessor.balanceExternal
DA:27,18
FNF:3
FNH:3
LF:3
LH:3
BRF:0
BRH:0
end_of_record
TN:
SF:test/mocks/games/slots/MockBaseSlots.sol
FN:23,MockBaseSlots.processSession
FNDA:3,MockBaseSlots.processSession
DA:29,3
FN:32,MockBaseSlots.checkScatter
FNDA:5,MockBaseSlots.checkScatter
DA:36,5
BRDA:36,0,1,5
BRDA:36,0,0,-
DA:37,5
FN:40,MockBaseSlots.refund
FNDA:2,MockBaseSlots.refund
DA:41,2
BRDA:41,1,1,2
BRDA:41,1,0,-
DA:42,2
FN:45,MockBaseSlots.takePayment
FNDA:6,MockBaseSlots.takePayment
DA:46,6
FN:49,MockBaseSlots.takeJackpot
FNDA:3,MockBaseSlots.takeJackpot
DA:50,3
FN:53,MockBaseSlots.getSession
FNDA:6,MockBaseSlots.getSession
DA:55,6
BRDA:55,2,1,6
BRDA:55,2,0,-
DA:56,0
BRDA:56,3,0,-
BRDA:56,3,1,6
DA:58,6
FN:61,MockBaseSlots.startSession
FNDA:6,MockBaseSlots.startSession
DA:62,6
BRDA:62,4,1,6
BRDA:62,4,0,-
DA:63,6
FN:66,MockBaseSlots.endSession
FNDA:5,MockBaseSlots.endSession
DA:67,5
BRDA:67,5,1,5
BRDA:67,5,0,-
DA:68,0
BRDA:68,6,0,-
BRDA:68,6,1,5
DA:70,5
FN:76,MockBaseSlots.requestRandomness
FNDA:6,MockBaseSlots.requestRandomness
DA:78,6
FN:84,MockBaseSlots._deposit
FNDA:6,MockBaseSlots._deposit
DA:85,6
FN:88,MockBaseSlots._withdraw
FNDA:5,MockBaseSlots._withdraw
DA:89,5
BRDA:89,7,1,5
BRDA:89,7,0,-
DA:90,5
FN:93,MockBaseSlots._balance
FNDA:7,MockBaseSlots._balance
DA:94,7
FN:101,MockBaseSlots.beginBetExternal
FNDA:6,MockBaseSlots.beginBetExternal
DA:102,6
FN:105,MockBaseSlots.checkScatterExternal
FNDA:3,MockBaseSlots.checkScatterExternal
DA:106,3
FN:109,MockBaseSlots.resolveSymbolExternal
FNDA:4,MockBaseSlots.resolveSymbolExternal
DA:116,4
FN:119,MockBaseSlots.fulfillRandomnessExternal
FNDA:3,MockBaseSlots.fulfillRandomnessExternal
DA:120,3
FN:123,MockBaseSlots.getParams
FNDA:3,MockBaseSlots.getParams
DA:124,3
FN:130,MockBaseSlots.setProcessSessionResult
FNDA:8,MockBaseSlots.setProcessSessionResult
DA:131,8
FN:134,MockBaseSlots.setJackpot
FNDA:7,MockBaseSlots.setJackpot
DA:135,7
FN:138,MockBaseSlots.setBalance
FNDA:1,MockBaseSlots.setBalance
DA:139,1
FNF:20
FNH:20
LF:28
LH:26
BRF:16
BRH:8
end_of_record
TN:
SF:test/mocks/payment/MockNativePaymentProcessor.sol
FN:17,MockNativePaymentProcessor.depositExternal
FNDA:2,MockNativePaymentProcessor.depositExternal
DA:18,2
FN:21,MockNativePaymentProcessor.withdrawExternal
FNDA:5,MockNativePaymentProcessor.withdrawExternal
DA:22,5
FN:25,MockNativePaymentProcessor.balanceExternal
FNDA:7,MockNativePaymentProcessor.balanceExternal
DA:26,7
FNF:3
FNH:3
LF:3
LH:3
BRF:0
BRH:0
end_of_record
TN:
SF:test/mocks/payment/MockERC20PaymentProcessor.sol
FN:19,MockERC20PaymentProcessor.depositExternal
FNDA:5,MockERC20PaymentProcessor.depositExternal
DA:20,5
FN:23,MockERC20PaymentProcessor.withdrawExternal
FNDA:3,MockERC20PaymentProcessor.withdrawExternal
DA:24,3
FN:27,MockERC20PaymentProcessor.balanceExternal
FNDA:16,MockERC20PaymentProcessor.balanceExternal
DA:28,16
FNF:3
FNH:3
LF:3
LH:3
BRF:0
BRH:0
end_of_record
TN:
SF:test/mocks/payment/reentrancy/MockNativeVaultReentrancy.sol
FN:17,WithdrawReentrancy.
FNDA:0,WithdrawReentrancy.
DA:18,0
BRDA:18,0,0,-
DA:19,0
DA:20,0
DA:21,0
DA:22,0
BRDA:18,0,1,-
FN:38,RedeemReentrancy.
FNDA:0,RedeemReentrancy.
DA:39,0
BRDA:39,1,0,-
DA:40,0
DA:41,0
DA:42,0
DA:43,0
BRDA:39,1,1,-
FNF:2
FNH:0
LF:10
LH:0
BRF:4
BRH:0
end_of_record
TN:
SF:test/mocks/games/slots/MockMuliLineSlots.sol
FN:20,MockMuliLineSlots.getSession
FNDA:3,MockMuliLineSlots.getSession
DA:22,3
DA:24,3
BRDA:24,0,0,-
BRDA:24,0,1,3
FN:27,MockMuliLineSlots.startSession
FNDA:3,MockMuliLineSlots.startSession
DA:28,3
BRDA:28,1,0,-
BRDA:28,1,1,3
DA:30,3
FN:33,MockMuliLineSlots.endSession
FNDA:3,MockMuliLineSlots.endSession
DA:34,3
BRDA:34,2,0,-
BRDA:34,2,1,3
DA:36,3
FN:42,MockMuliLineSlots.checkWinlineExternal
FNDA:17,MockMuliLineSlots.checkWinlineExternal
DA:43,17
FN:46,MockMuliLineSlots.countWinlinesExternal
FNDA:5,MockMuliLineSlots.countWinlinesExternal
DA:47,5
FN:50,MockMuliLineSlots.getParams
FNDA:1,MockMuliLineSlots.getParams
DA:51,1
FNF:6
FNH:6
LF:9
LH:9
BRF:6
BRH:3
end_of_record
